  freeglut_callbacks.c
  freeglut_cursor.c
  freeglut_display.c
  freeglut_ext.c
  freeglut_font.c
  freeglut_font_data.c
  freeglut_gamemode.c
  freeglut_geometry.c
  freeglut_glutfont_definitions.c
  freeglut_init.c
  freeglut_input_devices.c
  freeglut_joystick.c
  freeglut_main.c
C:\Users\xy\Downloads\Baller-main\FreeGLUT\src\freeglut_main.c(84,81): warning C4312: 'type cast': conversion from 'unsigned int' to 'pGetTouchInputInfo' of greater size
C:\Users\xy\Downloads\Baller-main\FreeGLUT\src\freeglut_main.c(85,93): warning C4312: 'type cast': conversion from 'unsigned int' to 'pCloseTouchInputHandle' of greater size
C:\Users\xy\Downloads\Baller-main\FreeGLUT\src\freeglut_main.c(2555,61): warning C4312: 'type cast': conversion from 'unsigned int' to 'pGetTouchInputInfo' of greater size
  freeglut_menu.c
  freeglut_misc.c
  freeglut_overlay.c
  freeglut_spaceball.c
  freeglut_state.c
  freeglut_stroke_mono_roman.c
  freeglut_stroke_roman.c
  Compiling...
  freeglut_structure.c
C:\Users\xy\Downloads\Baller-main\FreeGLUT\src\freeglut_structure.c(539,45): warning C4311: 'type cast': pointer truncation from 'void *' to 'int'
C:\Users\xy\Downloads\Baller-main\FreeGLUT\src\freeglut_structure.c(558,37): warning C4312: 'type cast': conversion from 'int' to 'void *' of greater size
  freeglut_teapot.c
  freeglut_videoresize.c
  freeglut_window.c
C:\Users\xy\Downloads\Baller-main\FreeGLUT\src\freeglut_window.c(146,89): warning C4312: 'type cast': conversion from 'unsigned int' to 'pRegisterTouchWindow' of greater size
  fgSetupPixelFormat(): there is still some work to do here!
C:\Users\xy\Downloads\Baller-main\FreeGLUT\src\freeglut_window.c(1451,71): warning C4312: 'type cast': conversion from 'unsigned int' to 'pRegisterTouchWindow' of greater size
     Creating library ..\..\lib\x64\freeglut.lib and object ..\..\lib\x64\freeglut.exp
  Generating code
  Previous IPDB not found, fall back to full compilation.
  All 304 functions were compiled because no usable IPDB/IOBJ from previous compilation was found.
  Finished generating code
  freeglut.vcxproj -> C:\Users\xy\Downloads\Baller-main\FreeGLUT\lib\x64\freeglut.dll
